<?xml version="1.0" encoding="UTF-8"?>
<!-- Generated by org.testng.reporters.JUnitReportReporter -->
<testsuite skipped="0" hostname="LP-RGURAJA-AUX3" name="com.simplilearn.testpages.LoginPageTests" tests="3" failures="0" timestamp="2020-02-07T12:33:41 PST" time="16.101" errors="0">
  <testcase name="signInTest" time="7.744" classname="com.simplilearn.testpages.LoginPageTests"/>
  <testcase name="signUpTest" time="3.068" classname="com.simplilearn.testpages.LoginPageTests"/>
  <testcase name="signInFailureTest" time="5.289" classname="com.simplilearn.testpages.LoginPageTests"/>
</testsuite> <!-- com.simplilearn.testpages.LoginPageTests -->
