<?xml version="1.0" encoding="UTF-8"?>
<!-- Generated by org.testng.reporters.JUnitReportReporter -->
<testsuite skipped="0" hostname="LP-RGURAJA-AUX3" name="com.simplilearn.testpages.HomePageTests" tests="6" failures="0" timestamp="2020-02-07T12:33:41 PST" time="56.014" errors="0">
  <testcase name="searchTest" time="2.791" classname="com.simplilearn.testpages.HomePageTests"/>
  <testcase name="pinItTest" time="16.637" classname="com.simplilearn.testpages.HomePageTests"/>
  <testcase name="signinTest" time="1.863" classname="com.simplilearn.testpages.HomePageTests"/>
  <testcase name="searchByManufacturer" time="16.253" classname="com.simplilearn.testpages.HomePageTests"/>
  <testcase name="googleTest" time="6.591" classname="com.simplilearn.testpages.HomePageTests"/>
  <testcase name="fbTest" time="11.879" classname="com.simplilearn.testpages.HomePageTests"/>
</testsuite> <!-- com.simplilearn.testpages.HomePageTests -->
