<?xml version="1.0" encoding="UTF-8"?>
<!-- Generated by org.testng.reporters.JUnitReportReporter -->
<testsuite skipped="0" hostname="LP-RGURAJA-AUX3" name="com.simplilearn.testpages.CreateAccountPageTests" tests="3" failures="0" timestamp="2020-02-07T12:33:41 PST" time="66.166" errors="0">
  <testcase name="createAccountTest" time="14.144" classname="com.simplilearn.testpages.CreateAccountPageTests"/>
  <testcase name="createAccountTestNoCountry" time="28.723" classname="com.simplilearn.testpages.CreateAccountPageTests"/>
  <testcase name="createAccountTestInvalidPostalCode" time="23.299" classname="com.simplilearn.testpages.CreateAccountPageTests"/>
</testsuite> <!-- com.simplilearn.testpages.CreateAccountPageTests -->
