<?xml version="1.0" encoding="UTF-8"?>
<!-- Generated by org.testng.reporters.JUnitReportReporter -->
<testsuite skipped="0" hostname="LP-RGURAJA-AUX3" name="com.simplilearn.testpages.WelcomePageTests" tests="4" failures="0" timestamp="2020-02-07T12:33:41 PST" time="102.099" errors="0">
  <testcase name="purchaseDiffProducts" time="37.349" classname="com.simplilearn.testpages.WelcomePageTests"/>
  <testcase name="purchaseProducts" time="26.874" classname="com.simplilearn.testpages.WelcomePageTests"/>
  <testcase name="writeReviewTest" time="29.873" classname="com.simplilearn.testpages.WelcomePageTests"/>
  <testcase name="signOutTest" time="8.003" classname="com.simplilearn.testpages.WelcomePageTests"/>
</testsuite> <!-- com.simplilearn.testpages.WelcomePageTests -->
