<?xml version="1.0" encoding="UTF-8"?>
<testsuite xmlns:xsi="http://www.w3.org/2001/XMLSchema-instance" xsi:noNamespaceSchemaLocation="https://maven.apache.org/surefire/maven-surefire-plugin/xsd/surefire-test-report-3.0.xsd" version="3.0" name="TestSuite" time="287.275" tests="16" errors="0" skipped="0" failures="0">
  <properties>
    <property name="sun.desktop" value="windows"/>
    <property name="awt.toolkit" value="sun.awt.windows.WToolkit"/>
    <property name="file.encoding.pkg" value="sun.io"/>
    <property name="java.specification.version" value="1.8"/>
    <property name="sun.cpu.isalist" value="amd64"/>
    <property name="sun.jnu.encoding" value="Cp1252"/>
    <property name="java.class.path" value="C:\Users\rgurajapu\Selenium\ecomm-project\target\test-classes;C:\Users\rgurajapu\Selenium\ecomm-project\target\classes;C:\Users\rgurajapu\.m2\repository\org\seleniumhq\selenium\selenium-java\3.141.59\selenium-java-3.141.59.jar;C:\Users\rgurajapu\.m2\repository\org\seleniumhq\selenium\selenium-api\3.141.59\selenium-api-3.141.59.jar;C:\Users\rgurajapu\.m2\repository\org\seleniumhq\selenium\selenium-chrome-driver\3.141.59\selenium-chrome-driver-3.141.59.jar;C:\Users\rgurajapu\.m2\repository\org\seleniumhq\selenium\selenium-edge-driver\3.141.59\selenium-edge-driver-3.141.59.jar;C:\Users\rgurajapu\.m2\repository\org\seleniumhq\selenium\selenium-firefox-driver\3.141.59\selenium-firefox-driver-3.141.59.jar;C:\Users\rgurajapu\.m2\repository\org\seleniumhq\selenium\selenium-ie-driver\3.141.59\selenium-ie-driver-3.141.59.jar;C:\Users\rgurajapu\.m2\repository\org\seleniumhq\selenium\selenium-opera-driver\3.141.59\selenium-opera-driver-3.141.59.jar;C:\Users\rgurajapu\.m2\repository\org\seleniumhq\selenium\selenium-remote-driver\3.141.59\selenium-remote-driver-3.141.59.jar;C:\Users\rgurajapu\.m2\repository\org\seleniumhq\selenium\selenium-safari-driver\3.141.59\selenium-safari-driver-3.141.59.jar;C:\Users\rgurajapu\.m2\repository\org\seleniumhq\selenium\selenium-support\3.141.59\selenium-support-3.141.59.jar;C:\Users\rgurajapu\.m2\repository\net\bytebuddy\byte-buddy\1.8.15\byte-buddy-1.8.15.jar;C:\Users\rgurajapu\.m2\repository\org\apache\commons\commons-exec\1.3\commons-exec-1.3.jar;C:\Users\rgurajapu\.m2\repository\com\google\guava\guava\25.0-jre\guava-25.0-jre.jar;C:\Users\rgurajapu\.m2\repository\com\google\code\findbugs\jsr305\1.3.9\jsr305-1.3.9.jar;C:\Users\rgurajapu\.m2\repository\org\checkerframework\checker-compat-qual\2.0.0\checker-compat-qual-2.0.0.jar;C:\Users\rgurajapu\.m2\repository\com\google\errorprone\error_prone_annotations\2.1.3\error_prone_annotations-2.1.3.jar;C:\Users\rgurajapu\.m2\repository\com\google\j2objc\j2objc-annotations\1.1\j2objc-annotations-1.1.jar;C:\Users\rgurajapu\.m2\repository\org\codehaus\mojo\animal-sniffer-annotations\1.14\animal-sniffer-annotations-1.14.jar;C:\Users\rgurajapu\.m2\repository\com\squareup\okhttp3\okhttp\3.11.0\okhttp-3.11.0.jar;C:\Users\rgurajapu\.m2\repository\com\squareup\okio\okio\1.14.0\okio-1.14.0.jar;C:\Users\rgurajapu\.m2\repository\com\beust\jcommander\1.69\jcommander-1.69.jar;C:\Users\rgurajapu\.m2\repository\org\testng\testng\7.0.0\testng-7.0.0.jar;C:\Users\rgurajapu\.m2\repository\org\apache\poi\poi\4.1.1\poi-4.1.1.jar;C:\Users\rgurajapu\.m2\repository\commons-codec\commons-codec\1.13\commons-codec-1.13.jar;C:\Users\rgurajapu\.m2\repository\org\apache\commons\commons-collections4\4.4\commons-collections4-4.4.jar;C:\Users\rgurajapu\.m2\repository\org\apache\commons\commons-math3\3.6.1\commons-math3-3.6.1.jar;C:\Users\rgurajapu\.m2\repository\org\apache\poi\poi-ooxml\4.1.1\poi-ooxml-4.1.1.jar;C:\Users\rgurajapu\.m2\repository\org\apache\poi\poi-ooxml-schemas\4.1.1\poi-ooxml-schemas-4.1.1.jar;C:\Users\rgurajapu\.m2\repository\org\apache\xmlbeans\xmlbeans\3.1.0\xmlbeans-3.1.0.jar;C:\Users\rgurajapu\.m2\repository\org\apache\commons\commons-compress\1.19\commons-compress-1.19.jar;C:\Users\rgurajapu\.m2\repository\com\github\virtuald\curvesapi\1.06\curvesapi-1.06.jar;C:\Users\rgurajapu\.m2\repository\com\google\inject\guice\3.0\guice-3.0.jar;C:\Users\rgurajapu\.m2\repository\javax\inject\javax.inject\1\javax.inject-1.jar;C:\Users\rgurajapu\.m2\repository\aopalliance\aopalliance\1.0\aopalliance-1.0.jar;C:\Users\rgurajapu\.m2\repository\org\uncommons\reportng\1.1.2\reportng-1.1.2.jar;C:\Users\rgurajapu\.m2\repository\velocity\velocity\1.4\velocity-1.4.jar;C:\Users\rgurajapu\.m2\repository\velocity\velocity-dep\1.4\velocity-dep-1.4.jar;C:\Users\rgurajapu\.m2\repository\log4j\log4j\1.2.17\log4j-1.2.17.jar;C:\Users\rgurajapu\.m2\repository\commons-io\commons-io\2.6\commons-io-2.6.jar;"/>
    <property name="java.vm.vendor" value="Oracle Corporation"/>
    <property name="sun.arch.data.model" value="64"/>
    <property name="user.variant" value=""/>
    <property name="java.vendor.url" value="http://java.oracle.com/"/>
    <property name="user.timezone" value="America/Los_Angeles"/>
    <property name="java.vm.specification.version" value="1.8"/>
    <property name="os.name" value="Windows 10"/>
    <property name="user.country" value="IN"/>
    <property name="sun.java.launcher" value="SUN_STANDARD"/>
    <property name="sun.boot.library.path" value="C:\Program Files\Java\jdk1.8.0_211\jre\bin"/>
    <property name="sun.java.command" value="C:\Users\rgurajapu\AppData\Local\Temp\surefire4873736561210115011\surefirebooter312609945127677080.jar C:\Users\rgurajapu\AppData\Local\Temp\surefire4873736561210115011 2020-02-07T12-28-48_886-jvmRun1 surefire7246375993682281357tmp surefire_04698796799632263778tmp"/>
    <property name="surefire.test.class.path" value="C:\Users\rgurajapu\Selenium\ecomm-project\target\test-classes;C:\Users\rgurajapu\Selenium\ecomm-project\target\classes;C:\Users\rgurajapu\.m2\repository\org\seleniumhq\selenium\selenium-java\3.141.59\selenium-java-3.141.59.jar;C:\Users\rgurajapu\.m2\repository\org\seleniumhq\selenium\selenium-api\3.141.59\selenium-api-3.141.59.jar;C:\Users\rgurajapu\.m2\repository\org\seleniumhq\selenium\selenium-chrome-driver\3.141.59\selenium-chrome-driver-3.141.59.jar;C:\Users\rgurajapu\.m2\repository\org\seleniumhq\selenium\selenium-edge-driver\3.141.59\selenium-edge-driver-3.141.59.jar;C:\Users\rgurajapu\.m2\repository\org\seleniumhq\selenium\selenium-firefox-driver\3.141.59\selenium-firefox-driver-3.141.59.jar;C:\Users\rgurajapu\.m2\repository\org\seleniumhq\selenium\selenium-ie-driver\3.141.59\selenium-ie-driver-3.141.59.jar;C:\Users\rgurajapu\.m2\repository\org\seleniumhq\selenium\selenium-opera-driver\3.141.59\selenium-opera-driver-3.141.59.jar;C:\Users\rgurajapu\.m2\repository\org\seleniumhq\selenium\selenium-remote-driver\3.141.59\selenium-remote-driver-3.141.59.jar;C:\Users\rgurajapu\.m2\repository\org\seleniumhq\selenium\selenium-safari-driver\3.141.59\selenium-safari-driver-3.141.59.jar;C:\Users\rgurajapu\.m2\repository\org\seleniumhq\selenium\selenium-support\3.141.59\selenium-support-3.141.59.jar;C:\Users\rgurajapu\.m2\repository\net\bytebuddy\byte-buddy\1.8.15\byte-buddy-1.8.15.jar;C:\Users\rgurajapu\.m2\repository\org\apache\commons\commons-exec\1.3\commons-exec-1.3.jar;C:\Users\rgurajapu\.m2\repository\com\google\guava\guava\25.0-jre\guava-25.0-jre.jar;C:\Users\rgurajapu\.m2\repository\com\google\code\findbugs\jsr305\1.3.9\jsr305-1.3.9.jar;C:\Users\rgurajapu\.m2\repository\org\checkerframework\checker-compat-qual\2.0.0\checker-compat-qual-2.0.0.jar;C:\Users\rgurajapu\.m2\repository\com\google\errorprone\error_prone_annotations\2.1.3\error_prone_annotations-2.1.3.jar;C:\Users\rgurajapu\.m2\repository\com\google\j2objc\j2objc-annotations\1.1\j2objc-annotations-1.1.jar;C:\Users\rgurajapu\.m2\repository\org\codehaus\mojo\animal-sniffer-annotations\1.14\animal-sniffer-annotations-1.14.jar;C:\Users\rgurajapu\.m2\repository\com\squareup\okhttp3\okhttp\3.11.0\okhttp-3.11.0.jar;C:\Users\rgurajapu\.m2\repository\com\squareup\okio\okio\1.14.0\okio-1.14.0.jar;C:\Users\rgurajapu\.m2\repository\com\beust\jcommander\1.69\jcommander-1.69.jar;C:\Users\rgurajapu\.m2\repository\org\testng\testng\7.0.0\testng-7.0.0.jar;C:\Users\rgurajapu\.m2\repository\org\apache\poi\poi\4.1.1\poi-4.1.1.jar;C:\Users\rgurajapu\.m2\repository\commons-codec\commons-codec\1.13\commons-codec-1.13.jar;C:\Users\rgurajapu\.m2\repository\org\apache\commons\commons-collections4\4.4\commons-collections4-4.4.jar;C:\Users\rgurajapu\.m2\repository\org\apache\commons\commons-math3\3.6.1\commons-math3-3.6.1.jar;C:\Users\rgurajapu\.m2\repository\org\apache\poi\poi-ooxml\4.1.1\poi-ooxml-4.1.1.jar;C:\Users\rgurajapu\.m2\repository\org\apache\poi\poi-ooxml-schemas\4.1.1\poi-ooxml-schemas-4.1.1.jar;C:\Users\rgurajapu\.m2\repository\org\apache\xmlbeans\xmlbeans\3.1.0\xmlbeans-3.1.0.jar;C:\Users\rgurajapu\.m2\repository\org\apache\commons\commons-compress\1.19\commons-compress-1.19.jar;C:\Users\rgurajapu\.m2\repository\com\github\virtuald\curvesapi\1.06\curvesapi-1.06.jar;C:\Users\rgurajapu\.m2\repository\com\google\inject\guice\3.0\guice-3.0.jar;C:\Users\rgurajapu\.m2\repository\javax\inject\javax.inject\1\javax.inject-1.jar;C:\Users\rgurajapu\.m2\repository\aopalliance\aopalliance\1.0\aopalliance-1.0.jar;C:\Users\rgurajapu\.m2\repository\org\uncommons\reportng\1.1.2\reportng-1.1.2.jar;C:\Users\rgurajapu\.m2\repository\velocity\velocity\1.4\velocity-1.4.jar;C:\Users\rgurajapu\.m2\repository\velocity\velocity-dep\1.4\velocity-dep-1.4.jar;C:\Users\rgurajapu\.m2\repository\log4j\log4j\1.2.17\log4j-1.2.17.jar;C:\Users\rgurajapu\.m2\repository\commons-io\commons-io\2.6\commons-io-2.6.jar;"/>
    <property name="sun.cpu.endian" value="little"/>
    <property name="user.home" value="C:\Users\rgurajapu"/>
    <property name="user.language" value="en"/>
    <property name="java.specification.vendor" value="Oracle Corporation"/>
    <property name="java.home" value="C:\Program Files\Java\jdk1.8.0_211\jre"/>
    <property name="basedir" value="C:\Users\rgurajapu\Selenium\ecomm-project"/>
    <property name="file.separator" value="\"/>
    <property name="line.separator" value="&#10;"/>
    <property name="java.vm.specification.vendor" value="Oracle Corporation"/>
    <property name="java.specification.name" value="Java Platform API Specification"/>
    <property name="java.awt.graphicsenv" value="sun.awt.Win32GraphicsEnvironment"/>
    <property name="surefire.real.class.path" value="C:\Users\rgurajapu\AppData\Local\Temp\surefire4873736561210115011\surefirebooter312609945127677080.jar"/>
    <property name="sun.boot.class.path" value="C:\Program Files\Java\jdk1.8.0_211\jre\lib\resources.jar;C:\Program Files\Java\jdk1.8.0_211\jre\lib\rt.jar;C:\Program Files\Java\jdk1.8.0_211\jre\lib\sunrsasign.jar;C:\Program Files\Java\jdk1.8.0_211\jre\lib\jsse.jar;C:\Program Files\Java\jdk1.8.0_211\jre\lib\jce.jar;C:\Program Files\Java\jdk1.8.0_211\jre\lib\charsets.jar;C:\Program Files\Java\jdk1.8.0_211\jre\lib\jfr.jar;C:\Program Files\Java\jdk1.8.0_211\jre\classes"/>
    <property name="user.script" value=""/>
    <property name="sun.management.compiler" value="HotSpot 64-Bit Tiered Compilers"/>
    <property name="java.runtime.version" value="1.8.0_211-b12"/>
    <property name="user.name" value="rgurajapu"/>
    <property name="path.separator" value=";"/>
    <property name="os.version" value="10.0"/>
    <property name="java.endorsed.dirs" value="C:\Program Files\Java\jdk1.8.0_211\jre\lib\endorsed"/>
    <property name="java.runtime.name" value="Java(TM) SE Runtime Environment"/>
    <property name="file.encoding" value="Cp1252"/>
    <property name="java.vm.name" value="Java HotSpot(TM) 64-Bit Server VM"/>
    <property name="localRepository" value="C:\Users\rgurajapu\.m2\repository"/>
    <property name="java.vendor.url.bug" value="http://bugreport.sun.com/bugreport/"/>
    <property name="java.io.tmpdir" value="C:\Users\RGURAJ~1\AppData\Local\Temp\"/>
    <property name="java.version" value="1.8.0_211"/>
    <property name="user.dir" value="C:\Users\rgurajapu\Selenium\ecomm-project"/>
    <property name="os.arch" value="amd64"/>
    <property name="java.vm.specification.name" value="Java Virtual Machine Specification"/>
    <property name="java.awt.printerjob" value="sun.awt.windows.WPrinterJob"/>
    <property name="sun.os.patch.level" value=""/>
    <property name="java.library.path" value="C:\Program Files\Java\jdk1.8.0_211\jre\bin;C:\WINDOWS\Sun\Java\bin;C:\WINDOWS\system32;C:\WINDOWS;C:\ProgramData\DockerDesktop\version-bin;C:\Program Files\Docker\Docker\Resources\bin;C:\Program Files (x86)\Common Files\Oracle\Java\javapath;C:\app\rgurajapu\product\11.2.0\client_1\bin;C:\app\Administrator\product\11.2.0\client_1\bin;C:\Program Files (x86)\Intel\Intel(R) Management Engine Components\iCLS\;C:\Program Files\Intel\Intel(R) Management Engine Components\iCLS\;C:\WINDOWS\system32;C:\WINDOWS;C:\WINDOWS\System32\Wbem;C:\WINDOWS\System32\WindowsPowerShell\v1.0\;C:\WINDOWS\System32\OpenSSH\;C:\Program Files (x86)\Intel\Intel(R) Management Engine Components\DAL;C:\Program Files\Intel\Intel(R) Management Engine Components\DAL;C:\Program Files (x86)\Intel\Intel(R) Management Engine Components\IPT;C:\Program Files\Intel\Intel(R) Management Engine Components\IPT;C:\Program Files (x86)\Google\Google Apps Sync\;C:\Program Files\Perforce;c:\ProgramData\Oracle\Java\javapath;C:\Program Files\PuTTY\;C:\Program Files\Microsoft SQL Server\Client SDK\ODBC\130\Tools\Binn\;C:\Program Files (x86)\Microsoft SQL Server\140\Tools\Binn\;C:\Program Files\Microsoft SQL Server\140\Tools\Binn\;C:\Program Files\Microsoft SQL Server\140\DTS\Binn\;C:\Program Files (x86)\Microsoft SQL Server\150\DTS\Binn\;C:\apache-maven-3.1.1\bin;;C:\Program Files (x86)\Cisco\Cisco AnyConnect Secure Mobility Client\;C:\Users\rgurajapu\AppData\Local\Programs\Python\Python38\Scripts\;C:\Users\rgurajapu\AppData\Local\Programs\Python\Python38\;C:\Users\rgurajapu\AppData\Local\Microsoft\WindowsApps;C:\apache-maven-3.1.1\bin;;C:\Program Files\JetBrains\PyCharm Community Edition 2019.2.4\bin;;."/>
    <property name="java.vm.info" value="mixed mode"/>
    <property name="java.vendor" value="Oracle Corporation"/>
    <property name="java.vm.version" value="25.211-b12"/>
    <property name="java.ext.dirs" value="C:\Program Files\Java\jdk1.8.0_211\jre\lib\ext;C:\WINDOWS\Sun\Java\lib\ext"/>
    <property name="sun.io.unicode.encoding" value="UnicodeLittle"/>
    <property name="java.class.version" value="52.0"/>
  </properties>
  <testcase name="fbTest" classname="com.simplilearn.testpages.HomePageTests" time="11.801"/>
  <testcase name="googleTest" classname="com.simplilearn.testpages.HomePageTests" time="6.591"/>
  <testcase name="pinItTest" classname="com.simplilearn.testpages.HomePageTests" time="16.636"/>
  <testcase name="searchByManufacturer" classname="com.simplilearn.testpages.HomePageTests" time="16.244"/>
  <testcase name="searchTest" classname="com.simplilearn.testpages.HomePageTests" time="2.79"/>
  <testcase name="signinTest" classname="com.simplilearn.testpages.HomePageTests" time="1.902"/>
  <testcase name="signInFailureTest" classname="com.simplilearn.testpages.LoginPageTests" time="5.292"/>
  <testcase name="signInTest" classname="com.simplilearn.testpages.LoginPageTests" time="7.754"/>
  <testcase name="signUpTest" classname="com.simplilearn.testpages.LoginPageTests" time="3.097"/>
  <testcase name="createAccountTest" classname="com.simplilearn.testpages.CreateAccountPageTests" time="14.178"/>
  <testcase name="createAccountTestInvalidPostalCode" classname="com.simplilearn.testpages.CreateAccountPageTests" time="23.294"/>
  <testcase name="createAccountTestNoCountry" classname="com.simplilearn.testpages.CreateAccountPageTests" time="28.724"/>
  <testcase name="purchaseDiffProducts" classname="com.simplilearn.testpages.WelcomePageTests" time="37.375"/>
  <testcase name="purchaseProducts" classname="com.simplilearn.testpages.WelcomePageTests" time="26.932"/>
  <testcase name="signOutTest" classname="com.simplilearn.testpages.WelcomePageTests" time="7.997"/>
  <testcase name="writeReviewTest" classname="com.simplilearn.testpages.WelcomePageTests" time="29.921"/>
</testsuite>