<?xml version="1.0" encoding="UTF-8"?>
<!-- Generated by org.testng.reporters.JUnitReportReporter -->
<testsuite name="com.simplilearn.testpages.HomePageTests" tests="5" time="15.388" ignored="0" failures="0" timestamp="05 Feb 2020 00:23:36 GMT" skipped="0" hostname="LP-RGURAJA-AUX3" errors="0">
  <testcase name="fbTest" time="6.887" classname="com.simplilearn.testpages.HomePageTests"/>
  <testcase name="searchByManufacturer" time="3.017" classname="com.simplilearn.testpages.HomePageTests"/>
  <testcase name="searchTest" time="1.337" classname="com.simplilearn.testpages.HomePageTests"/>
  <testcase name="googleTest" time="2.576" classname="com.simplilearn.testpages.HomePageTests"/>
  <testcase name="signinTest" time="1.571" classname="com.simplilearn.testpages.HomePageTests"/>
</testsuite> <!-- com.simplilearn.testpages.HomePageTests -->
