<?xml version="1.0" encoding="UTF-8"?>
<!-- Generated by org.testng.reporters.JUnitReportReporter -->
<testsuite name="com.simplilearn.testpages.WelcomePageTests" tests="3" time="28.002" ignored="0" failures="0" timestamp="05 Feb 2020 00:23:36 GMT" skipped="0" hostname="LP-RGURAJA-AUX3" errors="0">
  <testcase name="signOutTest" time="4.200" classname="com.simplilearn.testpages.WelcomePageTests"/>
  <testcase name="purchaseProducts" time="14.234" classname="com.simplilearn.testpages.WelcomePageTests"/>
  <testcase name="writeReviewTest" time="9.568" classname="com.simplilearn.testpages.WelcomePageTests"/>
</testsuite> <!-- com.simplilearn.testpages.WelcomePageTests -->
